<?xml version="1.0" encoding="UTF-8"?>
<!-- Generated by org.testng.reporters.JUnitReportReporter -->
<testsuite hostname="aps00062837-mb" name="asseco.CBP.tests.FirstTests" tests="1" failures="0" timestamp="16 Feb 2016 13:45:47 GMT" time="13.441" errors="0">
  <testcase name="testZalogujiPrzelewZwykly" time="13.441" classname="asseco.CBP.tests.FirstTests"/>
</testsuite> <!-- asseco.CBP.tests.FirstTests -->
